  main.cpp
C:\Users\Danila\source\repos\cpp-ctb-replays\cpp-ctb-replays\main.cpp(39,49): warning C4244: аргумент: преобразование "float" в "sf::Uint8", возможна потеря данных
C:\Users\Danila\source\repos\cpp-ctb-replays\cpp-ctb-replays\main.cpp(39,40): warning C4244: аргумент: преобразование "float" в "sf::Uint8", возможна потеря данных
C:\Users\Danila\source\repos\cpp-ctb-replays\cpp-ctb-replays\main.cpp(39,31): warning C4244: аргумент: преобразование "float" в "sf::Uint8", возможна потеря данных
C:\Users\Danila\source\repos\cpp-ctb-replays\cpp-ctb-replays\main.cpp(40,49): warning C4244: аргумент: преобразование "float" в "sf::Uint8", возможна потеря данных
C:\Users\Danila\source\repos\cpp-ctb-replays\cpp-ctb-replays\main.cpp(40,40): warning C4244: аргумент: преобразование "float" в "sf::Uint8", возможна потеря данных
C:\Users\Danila\source\repos\cpp-ctb-replays\cpp-ctb-replays\main.cpp(40,29): warning C4244: аргумент: преобразование "float" в "sf::Uint8", возможна потеря данных
C:\Users\Danila\source\repos\cpp-ctb-replays\cpp-ctb-replays\main.cpp(41,49): warning C4244: аргумент: преобразование "float" в "sf::Uint8", возможна потеря данных
C:\Users\Danila\source\repos\cpp-ctb-replays\cpp-ctb-replays\main.cpp(41,40): warning C4244: аргумент: преобразование "float" в "sf::Uint8", возможна потеря данных
C:\Users\Danila\source\repos\cpp-ctb-replays\cpp-ctb-replays\main.cpp(41,29): warning C4244: аргумент: преобразование "float" в "sf::Uint8", возможна потеря данных
C:\Users\Danila\source\repos\cpp-ctb-replays\cpp-ctb-replays\main.cpp(42,49): warning C4244: аргумент: преобразование "float" в "sf::Uint8", возможна потеря данных
C:\Users\Danila\source\repos\cpp-ctb-replays\cpp-ctb-replays\main.cpp(42,38): warning C4244: аргумент: преобразование "float" в "sf::Uint8", возможна потеря данных
C:\Users\Danila\source\repos\cpp-ctb-replays\cpp-ctb-replays\main.cpp(42,29): warning C4244: аргумент: преобразование "float" в "sf::Uint8", возможна потеря данных
C:\Users\Danila\source\repos\cpp-ctb-replays\cpp-ctb-replays\main.cpp(43,49): warning C4244: аргумент: преобразование "float" в "sf::Uint8", возможна потеря данных
C:\Users\Danila\source\repos\cpp-ctb-replays\cpp-ctb-replays\main.cpp(43,38): warning C4244: аргумент: преобразование "float" в "sf::Uint8", возможна потеря данных
C:\Users\Danila\source\repos\cpp-ctb-replays\cpp-ctb-replays\main.cpp(43,29): warning C4244: аргумент: преобразование "float" в "sf::Uint8", возможна потеря данных
C:\Users\Danila\source\repos\cpp-ctb-replays\cpp-ctb-replays\main.cpp(44,49): warning C4244: аргумент: преобразование "float" в "sf::Uint8", возможна потеря данных
C:\Users\Danila\source\repos\cpp-ctb-replays\cpp-ctb-replays\main.cpp(44,40): warning C4244: аргумент: преобразование "float" в "sf::Uint8", возможна потеря данных
C:\Users\Danila\source\repos\cpp-ctb-replays\cpp-ctb-replays\main.cpp(44,31): warning C4244: аргумент: преобразование "float" в "sf::Uint8", возможна потеря данных
C:\Users\Danila\source\repos\cpp-ctb-replays\cpp-ctb-replays\main.cpp(154,60): warning C4244: аргумент: преобразование "int" в "T", возможна потеря данных
          with
          [
              T=float
          ]
  Создание кода
  1 of 991 functions ( 0.1%) were compiled, the rest were copied from previous compilation.
    0 functions were new in current compilation
    17 functions had inline decision re-evaluated but remain unchanged
  Создание кода завершено
  cpp-ctb-replays.vcxproj -> C:\Users\Danila\source\repos\cpp-ctb-replays\Release\cpp-ctb-replays.exe
